<?xml version="1.0" encoding="UTF-8"?>
<testsuite xmlns:xsi="http://www.w3.org/2001/XMLSchema-instance" xsi:noNamespaceSchemaLocation="https://maven.apache.org/surefire/maven-surefire-plugin/xsd/surefire-test-report.xsd" name="com.rocket.pan.server.modules.share.ShareTest" time="0.324" tests="8" errors="0" skipped="0" failures="0">
  <properties>
    <property name="sun.desktop" value="windows"/>
    <property name="awt.toolkit" value="sun.awt.windows.WToolkit"/>
    <property name="java.specification.version" value="11"/>
    <property name="sun.cpu.isalist" value="amd64"/>
    <property name="sun.jnu.encoding" value="GBK"/>
    <property name="java.class.path" value="E:\myDesign\r-pan\server\target\test-classes;E:\myDesign\r-pan\server\target\classes;E:\myDesign\r-pan\framework\web\target\classes;E:\myDesign\r-pan\framework\core\target\classes;D:\Program Files\maven\repository\com\fasterxml\jackson\core\jackson-annotations\2.10.2\jackson-annotations-2.10.2.jar;D:\Program Files\maven\repository\com\google\guava\guava\20.0\guava-20.0.jar;D:\Program Files\maven\repository\org\apache\commons\commons-lang3\3.5\commons-lang3-3.5.jar;D:\Program Files\maven\repository\commons-collections\commons-collections\3.2.1\commons-collections-3.2.1.jar;D:\Program Files\maven\repository\commons-io\commons-io\2.4\commons-io-2.4.jar;D:\Program Files\maven\repository\com\alibaba\fastjson\1.2.56\fastjson-1.2.56.jar;D:\Program Files\maven\repository\io\jsonwebtoken\jjwt\0.7.0\jjwt-0.7.0.jar;D:\Program Files\maven\repository\com\fasterxml\jackson\core\jackson-databind\2.10.2\jackson-databind-2.10.2.jar;D:\Program Files\maven\repository\com\fasterxml\jackson\core\jackson-core\2.10.2\jackson-core-2.10.2.jar;D:\Program Files\maven\repository\cn\hutool\hutool-core\4.5.18\hutool-core-4.5.18.jar;D:\Program Files\maven\repository\org\springframework\boot\spring-boot-starter-test\2.2.5.RELEASE\spring-boot-starter-test-2.2.5.RELEASE.jar;D:\Program Files\maven\repository\org\springframework\boot\spring-boot-test\2.2.5.RELEASE\spring-boot-test-2.2.5.RELEASE.jar;D:\Program Files\maven\repository\org\springframework\boot\spring-boot-test-autoconfigure\2.2.5.RELEASE\spring-boot-test-autoconfigure-2.2.5.RELEASE.jar;D:\Program Files\maven\repository\com\jayway\jsonpath\json-path\2.4.0\json-path-2.4.0.jar;D:\Program Files\maven\repository\net\minidev\json-smart\2.3\json-smart-2.3.jar;D:\Program Files\maven\repository\net\minidev\accessors-smart\1.2\accessors-smart-1.2.jar;D:\Program Files\maven\repository\org\ow2\asm\asm\5.0.4\asm-5.0.4.jar;D:\Program Files\maven\repository\jakarta\xml\bind\jakarta.xml.bind-api\2.3.2\jakarta.xml.bind-api-2.3.2.jar;D:\Program Files\maven\repository\jakarta\activation\jakarta.activation-api\1.2.2\jakarta.activation-api-1.2.2.jar;D:\Program Files\maven\repository\org\junit\jupiter\junit-jupiter\5.5.2\junit-jupiter-5.5.2.jar;D:\Program Files\maven\repository\org\junit\jupiter\junit-jupiter-api\5.5.2\junit-jupiter-api-5.5.2.jar;D:\Program Files\maven\repository\org\opentest4j\opentest4j\1.2.0\opentest4j-1.2.0.jar;D:\Program Files\maven\repository\org\junit\platform\junit-platform-commons\1.5.2\junit-platform-commons-1.5.2.jar;D:\Program Files\maven\repository\org\junit\jupiter\junit-jupiter-params\5.5.2\junit-jupiter-params-5.5.2.jar;D:\Program Files\maven\repository\org\junit\jupiter\junit-jupiter-engine\5.5.2\junit-jupiter-engine-5.5.2.jar;D:\Program Files\maven\repository\org\junit\vintage\junit-vintage-engine\5.5.2\junit-vintage-engine-5.5.2.jar;D:\Program Files\maven\repository\org\apiguardian\apiguardian-api\1.1.0\apiguardian-api-1.1.0.jar;D:\Program Files\maven\repository\org\junit\platform\junit-platform-engine\1.5.2\junit-platform-engine-1.5.2.jar;D:\Program Files\maven\repository\junit\junit\4.12\junit-4.12.jar;D:\Program Files\maven\repository\org\mockito\mockito-junit-jupiter\3.1.0\mockito-junit-jupiter-3.1.0.jar;D:\Program Files\maven\repository\org\assertj\assertj-core\3.13.2\assertj-core-3.13.2.jar;D:\Program Files\maven\repository\org\hamcrest\hamcrest\2.1\hamcrest-2.1.jar;D:\Program Files\maven\repository\org\mockito\mockito-core\3.1.0\mockito-core-3.1.0.jar;D:\Program Files\maven\repository\net\bytebuddy\byte-buddy\1.10.8\byte-buddy-1.10.8.jar;D:\Program Files\maven\repository\net\bytebuddy\byte-buddy-agent\1.10.8\byte-buddy-agent-1.10.8.jar;D:\Program Files\maven\repository\org\objenesis\objenesis\2.6\objenesis-2.6.jar;D:\Program Files\maven\repository\org\skyscreamer\jsonassert\1.5.0\jsonassert-1.5.0.jar;D:\Program Files\maven\repository\com\vaadin\external\google\android-json\0.0.20131108.vaadin1\android-json-0.0.20131108.vaadin1.jar;D:\Program Files\maven\repository\org\springframework\spring-test\5.2.4.RELEASE\spring-test-5.2.4.RELEASE.jar;D:\Program Files\maven\repository\org\xmlunit\xmlunit-core\2.6.3\xmlunit-core-2.6.3.jar;D:\Program Files\maven\repository\org\projectlombok\lombok\1.18.20\lombok-1.18.20.jar;D:\Program Files\maven\repository\org\springframework\boot\spring-boot-starter-actuator\2.2.5.RELEASE\spring-boot-starter-actuator-2.2.5.RELEASE.jar;D:\Program Files\maven\repository\org\springframework\boot\spring-boot-actuator-autoconfigure\2.2.5.RELEASE\spring-boot-actuator-autoconfigure-2.2.5.RELEASE.jar;D:\Program Files\maven\repository\org\springframework\boot\spring-boot-actuator\2.2.5.RELEASE\spring-boot-actuator-2.2.5.RELEASE.jar;D:\Program Files\maven\repository\io\micrometer\micrometer-core\1.3.5\micrometer-core-1.3.5.jar;D:\Program Files\maven\repository\org\hdrhistogram\HdrHistogram\2.1.11\HdrHistogram-2.1.11.jar;D:\Program Files\maven\repository\org\latencyutils\LatencyUtils\2.0.3\LatencyUtils-2.0.3.jar;D:\Program Files\maven\repository\org\mapstruct\mapstruct\1.5.2.Final\mapstruct-1.5.2.Final.jar;D:\Program Files\maven\repository\org\springframework\boot\spring-boot-starter-web\2.2.5.RELEASE\spring-boot-starter-web-2.2.5.RELEASE.jar;D:\Program Files\maven\repository\org\springframework\boot\spring-boot-starter-json\2.2.5.RELEASE\spring-boot-starter-json-2.2.5.RELEASE.jar;D:\Program Files\maven\repository\com\fasterxml\jackson\datatype\jackson-datatype-jdk8\2.10.2\jackson-datatype-jdk8-2.10.2.jar;D:\Program Files\maven\repository\com\fasterxml\jackson\datatype\jackson-datatype-jsr310\2.10.2\jackson-datatype-jsr310-2.10.2.jar;D:\Program Files\maven\repository\com\fasterxml\jackson\module\jackson-module-parameter-names\2.10.2\jackson-module-parameter-names-2.10.2.jar;D:\Program Files\maven\repository\org\springframework\boot\spring-boot-starter-tomcat\2.2.5.RELEASE\spring-boot-starter-tomcat-2.2.5.RELEASE.jar;D:\Program Files\maven\repository\org\apache\tomcat\embed\tomcat-embed-core\9.0.31\tomcat-embed-core-9.0.31.jar;D:\Program Files\maven\repository\org\apache\tomcat\embed\tomcat-embed-el\9.0.31\tomcat-embed-el-9.0.31.jar;D:\Program Files\maven\repository\org\apache\tomcat\embed\tomcat-embed-websocket\9.0.31\tomcat-embed-websocket-9.0.31.jar;D:\Program Files\maven\repository\org\springframework\boot\spring-boot-starter-validation\2.2.5.RELEASE\spring-boot-starter-validation-2.2.5.RELEASE.jar;D:\Program Files\maven\repository\jakarta\validation\jakarta.validation-api\2.0.2\jakarta.validation-api-2.0.2.jar;D:\Program Files\maven\repository\org\hibernate\validator\hibernate-validator\6.0.18.Final\hibernate-validator-6.0.18.Final.jar;D:\Program Files\maven\repository\org\jboss\logging\jboss-logging\3.4.1.Final\jboss-logging-3.4.1.Final.jar;D:\Program Files\maven\repository\org\springframework\spring-web\5.2.4.RELEASE\spring-web-5.2.4.RELEASE.jar;D:\Program Files\maven\repository\org\springframework\spring-webmvc\5.2.4.RELEASE\spring-webmvc-5.2.4.RELEASE.jar;D:\Program Files\maven\repository\org\springframework\spring-expression\5.2.4.RELEASE\spring-expression-5.2.4.RELEASE.jar;E:\myDesign\r-pan\framework\swagger2\target\classes;D:\Program Files\maven\repository\io\springfox\springfox-swagger2\2.9.2\springfox-swagger2-2.9.2.jar;D:\Program Files\maven\repository\io\swagger\swagger-annotations\1.5.20\swagger-annotations-1.5.20.jar;D:\Program Files\maven\repository\io\swagger\swagger-models\1.5.20\swagger-models-1.5.20.jar;D:\Program Files\maven\repository\io\springfox\springfox-spi\2.9.2\springfox-spi-2.9.2.jar;D:\Program Files\maven\repository\io\springfox\springfox-core\2.9.2\springfox-core-2.9.2.jar;D:\Program Files\maven\repository\io\springfox\springfox-schema\2.9.2\springfox-schema-2.9.2.jar;D:\Program Files\maven\repository\io\springfox\springfox-swagger-common\2.9.2\springfox-swagger-common-2.9.2.jar;D:\Program Files\maven\repository\io\springfox\springfox-spring-web\2.9.2\springfox-spring-web-2.9.2.jar;D:\Program Files\maven\repository\com\fasterxml\classmate\1.5.1\classmate-1.5.1.jar;D:\Program Files\maven\repository\org\slf4j\slf4j-api\1.7.30\slf4j-api-1.7.30.jar;D:\Program Files\maven\repository\org\springframework\plugin\spring-plugin-core\1.2.0.RELEASE\spring-plugin-core-1.2.0.RELEASE.jar;D:\Program Files\maven\repository\org\springframework\plugin\spring-plugin-metadata\1.2.0.RELEASE\spring-plugin-metadata-1.2.0.RELEASE.jar;D:\Program Files\maven\repository\io\springfox\springfox-swagger-ui\2.9.2\springfox-swagger-ui-2.9.2.jar;D:\Program Files\maven\repository\com\github\xiaoymin\swagger-bootstrap-ui\1.9.3\swagger-bootstrap-ui-1.9.3.jar;D:\Program Files\maven\repository\org\springframework\boot\spring-boot-devtools\2.2.5.RELEASE\spring-boot-devtools-2.2.5.RELEASE.jar;D:\Program Files\maven\repository\org\springframework\boot\spring-boot\2.2.5.RELEASE\spring-boot-2.2.5.RELEASE.jar;D:\Program Files\maven\repository\org\springframework\spring-core\5.2.4.RELEASE\spring-core-5.2.4.RELEASE.jar;D:\Program Files\maven\repository\org\springframework\spring-jcl\5.2.4.RELEASE\spring-jcl-5.2.4.RELEASE.jar;D:\Program Files\maven\repository\org\springframework\spring-context\5.2.4.RELEASE\spring-context-5.2.4.RELEASE.jar;D:\Program Files\maven\repository\org\springframework\boot\spring-boot-autoconfigure\2.2.5.RELEASE\spring-boot-autoconfigure-2.2.5.RELEASE.jar;E:\myDesign\r-pan\framework\orm\mybatis-plus\target\classes;D:\Program Files\maven\repository\mysql\mysql-connector-java\8.0.11\mysql-connector-java-8.0.11.jar;D:\Program Files\maven\repository\com\google\protobuf\protobuf-java\3.11.4\protobuf-java-3.11.4.jar;D:\Program Files\maven\repository\com\baomidou\mybatis-plus-boot-starter\3.4.0\mybatis-plus-boot-starter-3.4.0.jar;D:\Program Files\maven\repository\com\baomidou\mybatis-plus\3.4.0\mybatis-plus-3.4.0.jar;D:\Program Files\maven\repository\org\springframework\boot\spring-boot-starter-jdbc\2.2.5.RELEASE\spring-boot-starter-jdbc-2.2.5.RELEASE.jar;D:\Program Files\maven\repository\com\zaxxer\HikariCP\3.4.2\HikariCP-3.4.2.jar;D:\Program Files\maven\repository\org\springframework\spring-jdbc\5.2.4.RELEASE\spring-jdbc-5.2.4.RELEASE.jar;D:\Program Files\maven\repository\com\baomidou\mybatis-plus-generator\3.4.0\mybatis-plus-generator-3.4.0.jar;D:\Program Files\maven\repository\com\baomidou\mybatis-plus-extension\3.4.0\mybatis-plus-extension-3.4.0.jar;D:\Program Files\maven\repository\com\baomidou\mybatis-plus-core\3.4.0\mybatis-plus-core-3.4.0.jar;D:\Program Files\maven\repository\com\baomidou\mybatis-plus-annotation\3.4.0\mybatis-plus-annotation-3.4.0.jar;D:\Program Files\maven\repository\com\github\jsqlparser\jsqlparser\3.2\jsqlparser-3.2.jar;D:\Program Files\maven\repository\org\mybatis\mybatis\3.5.5\mybatis-3.5.5.jar;D:\Program Files\maven\repository\org\mybatis\mybatis-spring\2.0.5\mybatis-spring-2.0.5.jar;D:\Program Files\maven\repository\org\apache\velocity\velocity-engine-core\2.3\velocity-engine-core-2.3.jar;E:\myDesign\r-pan\framework\schedule\target\classes;E:\myDesign\r-pan\framework\cache\cache-redis\target\classes;D:\Program Files\maven\repository\org\springframework\boot\spring-boot-starter-data-redis\2.2.5.RELEASE\spring-boot-starter-data-redis-2.2.5.RELEASE.jar;D:\Program Files\maven\repository\org\springframework\data\spring-data-redis\2.2.5.RELEASE\spring-data-redis-2.2.5.RELEASE.jar;D:\Program Files\maven\repository\org\springframework\data\spring-data-keyvalue\2.2.5.RELEASE\spring-data-keyvalue-2.2.5.RELEASE.jar;D:\Program Files\maven\repository\org\springframework\data\spring-data-commons\2.2.5.RELEASE\spring-data-commons-2.2.5.RELEASE.jar;D:\Program Files\maven\repository\org\springframework\spring-tx\5.2.4.RELEASE\spring-tx-5.2.4.RELEASE.jar;D:\Program Files\maven\repository\org\springframework\spring-oxm\5.2.4.RELEASE\spring-oxm-5.2.4.RELEASE.jar;D:\Program Files\maven\repository\org\springframework\spring-context-support\5.2.4.RELEASE\spring-context-support-5.2.4.RELEASE.jar;D:\Program Files\maven\repository\io\lettuce\lettuce-core\5.2.2.RELEASE\lettuce-core-5.2.2.RELEASE.jar;D:\Program Files\maven\repository\io\netty\netty-common\4.1.45.Final\netty-common-4.1.45.Final.jar;D:\Program Files\maven\repository\io\netty\netty-handler\4.1.45.Final\netty-handler-4.1.45.Final.jar;D:\Program Files\maven\repository\io\netty\netty-buffer\4.1.45.Final\netty-buffer-4.1.45.Final.jar;D:\Program Files\maven\repository\io\netty\netty-codec\4.1.45.Final\netty-codec-4.1.45.Final.jar;D:\Program Files\maven\repository\io\netty\netty-transport\4.1.45.Final\netty-transport-4.1.45.Final.jar;D:\Program Files\maven\repository\io\netty\netty-resolver\4.1.45.Final\netty-resolver-4.1.45.Final.jar;D:\Program Files\maven\repository\io\projectreactor\reactor-core\3.3.3.RELEASE\reactor-core-3.3.3.RELEASE.jar;D:\Program Files\maven\repository\org\reactivestreams\reactive-streams\1.0.3\reactive-streams-1.0.3.jar;E:\myDesign\r-pan\framework\cache\cache-core\target\classes;D:\Program Files\maven\repository\org\springframework\boot\spring-boot-starter-cache\2.2.5.RELEASE\spring-boot-starter-cache-2.2.5.RELEASE.jar;D:\Program Files\maven\repository\org\springframework\boot\spring-boot-starter-aop\2.2.5.RELEASE\spring-boot-starter-aop-2.2.5.RELEASE.jar;D:\Program Files\maven\repository\org\springframework\boot\spring-boot-starter\2.2.5.RELEASE\spring-boot-starter-2.2.5.RELEASE.jar;D:\Program Files\maven\repository\org\springframework\boot\spring-boot-starter-logging\2.2.5.RELEASE\spring-boot-starter-logging-2.2.5.RELEASE.jar;D:\Program Files\maven\repository\ch\qos\logback\logback-classic\1.2.3\logback-classic-1.2.3.jar;D:\Program Files\maven\repository\ch\qos\logback\logback-core\1.2.3\logback-core-1.2.3.jar;D:\Program Files\maven\repository\org\apache\logging\log4j\log4j-to-slf4j\2.12.1\log4j-to-slf4j-2.12.1.jar;D:\Program Files\maven\repository\org\apache\logging\log4j\log4j-api\2.12.1\log4j-api-2.12.1.jar;D:\Program Files\maven\repository\org\slf4j\jul-to-slf4j\1.7.30\jul-to-slf4j-1.7.30.jar;D:\Program Files\maven\repository\jakarta\annotation\jakarta.annotation-api\1.3.5\jakarta.annotation-api-1.3.5.jar;D:\Program Files\maven\repository\org\yaml\snakeyaml\1.25\snakeyaml-1.25.jar;D:\Program Files\maven\repository\org\springframework\spring-aop\5.2.4.RELEASE\spring-aop-5.2.4.RELEASE.jar;D:\Program Files\maven\repository\org\springframework\spring-beans\5.2.4.RELEASE\spring-beans-5.2.4.RELEASE.jar;D:\Program Files\maven\repository\org\aspectj\aspectjweaver\1.9.5\aspectjweaver-1.9.5.jar;E:\myDesign\r-pan\framework\storage-engine\storage-engine-local\target\classes;E:\myDesign\r-pan\framework\storage-engine\storage-engine-core\target\classes;D:\Program Files\maven\repository\org\springframework\boot\spring-boot-configuration-processor\2.2.5.RELEASE\spring-boot-configuration-processor-2.2.5.RELEASE.jar;"/>
    <property name="java.vm.vendor" value="Oracle Corporation"/>
    <property name="sun.arch.data.model" value="64"/>
    <property name="user.variant" value=""/>
    <property name="java.vendor.url" value="https://openjdk.java.net/"/>
    <property name="user.timezone" value="Asia/Shanghai"/>
    <property name="java.vm.specification.version" value="11"/>
    <property name="os.name" value="Windows 11"/>
    <property name="sun.java.launcher" value="SUN_STANDARD"/>
    <property name="user.country" value="CN"/>
    <property name="sun.boot.library.path" value="C:\Program Files\Java\jdk-11.0.18\bin"/>
    <property name="sun.java.command" value="C:\Users\19750\AppData\Local\Temp\surefire8666930866190877076\surefirebooter11912609238754789478.jar C:\Users\19750\AppData\Local\Temp\surefire8666930866190877076 2023-11-24T15-40-19_853-jvmRun1 surefire9803757367498744854tmp surefire_415641474691434456556tmp"/>
    <property name="jdk.debug" value="release"/>
    <property name="surefire.test.class.path" value="E:\myDesign\r-pan\server\target\test-classes;E:\myDesign\r-pan\server\target\classes;E:\myDesign\r-pan\framework\web\target\classes;E:\myDesign\r-pan\framework\core\target\classes;D:\Program Files\maven\repository\com\fasterxml\jackson\core\jackson-annotations\2.10.2\jackson-annotations-2.10.2.jar;D:\Program Files\maven\repository\com\google\guava\guava\20.0\guava-20.0.jar;D:\Program Files\maven\repository\org\apache\commons\commons-lang3\3.5\commons-lang3-3.5.jar;D:\Program Files\maven\repository\commons-collections\commons-collections\3.2.1\commons-collections-3.2.1.jar;D:\Program Files\maven\repository\commons-io\commons-io\2.4\commons-io-2.4.jar;D:\Program Files\maven\repository\com\alibaba\fastjson\1.2.56\fastjson-1.2.56.jar;D:\Program Files\maven\repository\io\jsonwebtoken\jjwt\0.7.0\jjwt-0.7.0.jar;D:\Program Files\maven\repository\com\fasterxml\jackson\core\jackson-databind\2.10.2\jackson-databind-2.10.2.jar;D:\Program Files\maven\repository\com\fasterxml\jackson\core\jackson-core\2.10.2\jackson-core-2.10.2.jar;D:\Program Files\maven\repository\cn\hutool\hutool-core\4.5.18\hutool-core-4.5.18.jar;D:\Program Files\maven\repository\org\springframework\boot\spring-boot-starter-test\2.2.5.RELEASE\spring-boot-starter-test-2.2.5.RELEASE.jar;D:\Program Files\maven\repository\org\springframework\boot\spring-boot-test\2.2.5.RELEASE\spring-boot-test-2.2.5.RELEASE.jar;D:\Program Files\maven\repository\org\springframework\boot\spring-boot-test-autoconfigure\2.2.5.RELEASE\spring-boot-test-autoconfigure-2.2.5.RELEASE.jar;D:\Program Files\maven\repository\com\jayway\jsonpath\json-path\2.4.0\json-path-2.4.0.jar;D:\Program Files\maven\repository\net\minidev\json-smart\2.3\json-smart-2.3.jar;D:\Program Files\maven\repository\net\minidev\accessors-smart\1.2\accessors-smart-1.2.jar;D:\Program Files\maven\repository\org\ow2\asm\asm\5.0.4\asm-5.0.4.jar;D:\Program Files\maven\repository\jakarta\xml\bind\jakarta.xml.bind-api\2.3.2\jakarta.xml.bind-api-2.3.2.jar;D:\Program Files\maven\repository\jakarta\activation\jakarta.activation-api\1.2.2\jakarta.activation-api-1.2.2.jar;D:\Program Files\maven\repository\org\junit\jupiter\junit-jupiter\5.5.2\junit-jupiter-5.5.2.jar;D:\Program Files\maven\repository\org\junit\jupiter\junit-jupiter-api\5.5.2\junit-jupiter-api-5.5.2.jar;D:\Program Files\maven\repository\org\opentest4j\opentest4j\1.2.0\opentest4j-1.2.0.jar;D:\Program Files\maven\repository\org\junit\platform\junit-platform-commons\1.5.2\junit-platform-commons-1.5.2.jar;D:\Program Files\maven\repository\org\junit\jupiter\junit-jupiter-params\5.5.2\junit-jupiter-params-5.5.2.jar;D:\Program Files\maven\repository\org\junit\jupiter\junit-jupiter-engine\5.5.2\junit-jupiter-engine-5.5.2.jar;D:\Program Files\maven\repository\org\junit\vintage\junit-vintage-engine\5.5.2\junit-vintage-engine-5.5.2.jar;D:\Program Files\maven\repository\org\apiguardian\apiguardian-api\1.1.0\apiguardian-api-1.1.0.jar;D:\Program Files\maven\repository\org\junit\platform\junit-platform-engine\1.5.2\junit-platform-engine-1.5.2.jar;D:\Program Files\maven\repository\junit\junit\4.12\junit-4.12.jar;D:\Program Files\maven\repository\org\mockito\mockito-junit-jupiter\3.1.0\mockito-junit-jupiter-3.1.0.jar;D:\Program Files\maven\repository\org\assertj\assertj-core\3.13.2\assertj-core-3.13.2.jar;D:\Program Files\maven\repository\org\hamcrest\hamcrest\2.1\hamcrest-2.1.jar;D:\Program Files\maven\repository\org\mockito\mockito-core\3.1.0\mockito-core-3.1.0.jar;D:\Program Files\maven\repository\net\bytebuddy\byte-buddy\1.10.8\byte-buddy-1.10.8.jar;D:\Program Files\maven\repository\net\bytebuddy\byte-buddy-agent\1.10.8\byte-buddy-agent-1.10.8.jar;D:\Program Files\maven\repository\org\objenesis\objenesis\2.6\objenesis-2.6.jar;D:\Program Files\maven\repository\org\skyscreamer\jsonassert\1.5.0\jsonassert-1.5.0.jar;D:\Program Files\maven\repository\com\vaadin\external\google\android-json\0.0.20131108.vaadin1\android-json-0.0.20131108.vaadin1.jar;D:\Program Files\maven\repository\org\springframework\spring-test\5.2.4.RELEASE\spring-test-5.2.4.RELEASE.jar;D:\Program Files\maven\repository\org\xmlunit\xmlunit-core\2.6.3\xmlunit-core-2.6.3.jar;D:\Program Files\maven\repository\org\projectlombok\lombok\1.18.20\lombok-1.18.20.jar;D:\Program Files\maven\repository\org\springframework\boot\spring-boot-starter-actuator\2.2.5.RELEASE\spring-boot-starter-actuator-2.2.5.RELEASE.jar;D:\Program Files\maven\repository\org\springframework\boot\spring-boot-actuator-autoconfigure\2.2.5.RELEASE\spring-boot-actuator-autoconfigure-2.2.5.RELEASE.jar;D:\Program Files\maven\repository\org\springframework\boot\spring-boot-actuator\2.2.5.RELEASE\spring-boot-actuator-2.2.5.RELEASE.jar;D:\Program Files\maven\repository\io\micrometer\micrometer-core\1.3.5\micrometer-core-1.3.5.jar;D:\Program Files\maven\repository\org\hdrhistogram\HdrHistogram\2.1.11\HdrHistogram-2.1.11.jar;D:\Program Files\maven\repository\org\latencyutils\LatencyUtils\2.0.3\LatencyUtils-2.0.3.jar;D:\Program Files\maven\repository\org\mapstruct\mapstruct\1.5.2.Final\mapstruct-1.5.2.Final.jar;D:\Program Files\maven\repository\org\springframework\boot\spring-boot-starter-web\2.2.5.RELEASE\spring-boot-starter-web-2.2.5.RELEASE.jar;D:\Program Files\maven\repository\org\springframework\boot\spring-boot-starter-json\2.2.5.RELEASE\spring-boot-starter-json-2.2.5.RELEASE.jar;D:\Program Files\maven\repository\com\fasterxml\jackson\datatype\jackson-datatype-jdk8\2.10.2\jackson-datatype-jdk8-2.10.2.jar;D:\Program Files\maven\repository\com\fasterxml\jackson\datatype\jackson-datatype-jsr310\2.10.2\jackson-datatype-jsr310-2.10.2.jar;D:\Program Files\maven\repository\com\fasterxml\jackson\module\jackson-module-parameter-names\2.10.2\jackson-module-parameter-names-2.10.2.jar;D:\Program Files\maven\repository\org\springframework\boot\spring-boot-starter-tomcat\2.2.5.RELEASE\spring-boot-starter-tomcat-2.2.5.RELEASE.jar;D:\Program Files\maven\repository\org\apache\tomcat\embed\tomcat-embed-core\9.0.31\tomcat-embed-core-9.0.31.jar;D:\Program Files\maven\repository\org\apache\tomcat\embed\tomcat-embed-el\9.0.31\tomcat-embed-el-9.0.31.jar;D:\Program Files\maven\repository\org\apache\tomcat\embed\tomcat-embed-websocket\9.0.31\tomcat-embed-websocket-9.0.31.jar;D:\Program Files\maven\repository\org\springframework\boot\spring-boot-starter-validation\2.2.5.RELEASE\spring-boot-starter-validation-2.2.5.RELEASE.jar;D:\Program Files\maven\repository\jakarta\validation\jakarta.validation-api\2.0.2\jakarta.validation-api-2.0.2.jar;D:\Program Files\maven\repository\org\hibernate\validator\hibernate-validator\6.0.18.Final\hibernate-validator-6.0.18.Final.jar;D:\Program Files\maven\repository\org\jboss\logging\jboss-logging\3.4.1.Final\jboss-logging-3.4.1.Final.jar;D:\Program Files\maven\repository\org\springframework\spring-web\5.2.4.RELEASE\spring-web-5.2.4.RELEASE.jar;D:\Program Files\maven\repository\org\springframework\spring-webmvc\5.2.4.RELEASE\spring-webmvc-5.2.4.RELEASE.jar;D:\Program Files\maven\repository\org\springframework\spring-expression\5.2.4.RELEASE\spring-expression-5.2.4.RELEASE.jar;E:\myDesign\r-pan\framework\swagger2\target\classes;D:\Program Files\maven\repository\io\springfox\springfox-swagger2\2.9.2\springfox-swagger2-2.9.2.jar;D:\Program Files\maven\repository\io\swagger\swagger-annotations\1.5.20\swagger-annotations-1.5.20.jar;D:\Program Files\maven\repository\io\swagger\swagger-models\1.5.20\swagger-models-1.5.20.jar;D:\Program Files\maven\repository\io\springfox\springfox-spi\2.9.2\springfox-spi-2.9.2.jar;D:\Program Files\maven\repository\io\springfox\springfox-core\2.9.2\springfox-core-2.9.2.jar;D:\Program Files\maven\repository\io\springfox\springfox-schema\2.9.2\springfox-schema-2.9.2.jar;D:\Program Files\maven\repository\io\springfox\springfox-swagger-common\2.9.2\springfox-swagger-common-2.9.2.jar;D:\Program Files\maven\repository\io\springfox\springfox-spring-web\2.9.2\springfox-spring-web-2.9.2.jar;D:\Program Files\maven\repository\com\fasterxml\classmate\1.5.1\classmate-1.5.1.jar;D:\Program Files\maven\repository\org\slf4j\slf4j-api\1.7.30\slf4j-api-1.7.30.jar;D:\Program Files\maven\repository\org\springframework\plugin\spring-plugin-core\1.2.0.RELEASE\spring-plugin-core-1.2.0.RELEASE.jar;D:\Program Files\maven\repository\org\springframework\plugin\spring-plugin-metadata\1.2.0.RELEASE\spring-plugin-metadata-1.2.0.RELEASE.jar;D:\Program Files\maven\repository\io\springfox\springfox-swagger-ui\2.9.2\springfox-swagger-ui-2.9.2.jar;D:\Program Files\maven\repository\com\github\xiaoymin\swagger-bootstrap-ui\1.9.3\swagger-bootstrap-ui-1.9.3.jar;D:\Program Files\maven\repository\org\springframework\boot\spring-boot-devtools\2.2.5.RELEASE\spring-boot-devtools-2.2.5.RELEASE.jar;D:\Program Files\maven\repository\org\springframework\boot\spring-boot\2.2.5.RELEASE\spring-boot-2.2.5.RELEASE.jar;D:\Program Files\maven\repository\org\springframework\spring-core\5.2.4.RELEASE\spring-core-5.2.4.RELEASE.jar;D:\Program Files\maven\repository\org\springframework\spring-jcl\5.2.4.RELEASE\spring-jcl-5.2.4.RELEASE.jar;D:\Program Files\maven\repository\org\springframework\spring-context\5.2.4.RELEASE\spring-context-5.2.4.RELEASE.jar;D:\Program Files\maven\repository\org\springframework\boot\spring-boot-autoconfigure\2.2.5.RELEASE\spring-boot-autoconfigure-2.2.5.RELEASE.jar;E:\myDesign\r-pan\framework\orm\mybatis-plus\target\classes;D:\Program Files\maven\repository\mysql\mysql-connector-java\8.0.11\mysql-connector-java-8.0.11.jar;D:\Program Files\maven\repository\com\google\protobuf\protobuf-java\3.11.4\protobuf-java-3.11.4.jar;D:\Program Files\maven\repository\com\baomidou\mybatis-plus-boot-starter\3.4.0\mybatis-plus-boot-starter-3.4.0.jar;D:\Program Files\maven\repository\com\baomidou\mybatis-plus\3.4.0\mybatis-plus-3.4.0.jar;D:\Program Files\maven\repository\org\springframework\boot\spring-boot-starter-jdbc\2.2.5.RELEASE\spring-boot-starter-jdbc-2.2.5.RELEASE.jar;D:\Program Files\maven\repository\com\zaxxer\HikariCP\3.4.2\HikariCP-3.4.2.jar;D:\Program Files\maven\repository\org\springframework\spring-jdbc\5.2.4.RELEASE\spring-jdbc-5.2.4.RELEASE.jar;D:\Program Files\maven\repository\com\baomidou\mybatis-plus-generator\3.4.0\mybatis-plus-generator-3.4.0.jar;D:\Program Files\maven\repository\com\baomidou\mybatis-plus-extension\3.4.0\mybatis-plus-extension-3.4.0.jar;D:\Program Files\maven\repository\com\baomidou\mybatis-plus-core\3.4.0\mybatis-plus-core-3.4.0.jar;D:\Program Files\maven\repository\com\baomidou\mybatis-plus-annotation\3.4.0\mybatis-plus-annotation-3.4.0.jar;D:\Program Files\maven\repository\com\github\jsqlparser\jsqlparser\3.2\jsqlparser-3.2.jar;D:\Program Files\maven\repository\org\mybatis\mybatis\3.5.5\mybatis-3.5.5.jar;D:\Program Files\maven\repository\org\mybatis\mybatis-spring\2.0.5\mybatis-spring-2.0.5.jar;D:\Program Files\maven\repository\org\apache\velocity\velocity-engine-core\2.3\velocity-engine-core-2.3.jar;E:\myDesign\r-pan\framework\schedule\target\classes;E:\myDesign\r-pan\framework\cache\cache-redis\target\classes;D:\Program Files\maven\repository\org\springframework\boot\spring-boot-starter-data-redis\2.2.5.RELEASE\spring-boot-starter-data-redis-2.2.5.RELEASE.jar;D:\Program Files\maven\repository\org\springframework\data\spring-data-redis\2.2.5.RELEASE\spring-data-redis-2.2.5.RELEASE.jar;D:\Program Files\maven\repository\org\springframework\data\spring-data-keyvalue\2.2.5.RELEASE\spring-data-keyvalue-2.2.5.RELEASE.jar;D:\Program Files\maven\repository\org\springframework\data\spring-data-commons\2.2.5.RELEASE\spring-data-commons-2.2.5.RELEASE.jar;D:\Program Files\maven\repository\org\springframework\spring-tx\5.2.4.RELEASE\spring-tx-5.2.4.RELEASE.jar;D:\Program Files\maven\repository\org\springframework\spring-oxm\5.2.4.RELEASE\spring-oxm-5.2.4.RELEASE.jar;D:\Program Files\maven\repository\org\springframework\spring-context-support\5.2.4.RELEASE\spring-context-support-5.2.4.RELEASE.jar;D:\Program Files\maven\repository\io\lettuce\lettuce-core\5.2.2.RELEASE\lettuce-core-5.2.2.RELEASE.jar;D:\Program Files\maven\repository\io\netty\netty-common\4.1.45.Final\netty-common-4.1.45.Final.jar;D:\Program Files\maven\repository\io\netty\netty-handler\4.1.45.Final\netty-handler-4.1.45.Final.jar;D:\Program Files\maven\repository\io\netty\netty-buffer\4.1.45.Final\netty-buffer-4.1.45.Final.jar;D:\Program Files\maven\repository\io\netty\netty-codec\4.1.45.Final\netty-codec-4.1.45.Final.jar;D:\Program Files\maven\repository\io\netty\netty-transport\4.1.45.Final\netty-transport-4.1.45.Final.jar;D:\Program Files\maven\repository\io\netty\netty-resolver\4.1.45.Final\netty-resolver-4.1.45.Final.jar;D:\Program Files\maven\repository\io\projectreactor\reactor-core\3.3.3.RELEASE\reactor-core-3.3.3.RELEASE.jar;D:\Program Files\maven\repository\org\reactivestreams\reactive-streams\1.0.3\reactive-streams-1.0.3.jar;E:\myDesign\r-pan\framework\cache\cache-core\target\classes;D:\Program Files\maven\repository\org\springframework\boot\spring-boot-starter-cache\2.2.5.RELEASE\spring-boot-starter-cache-2.2.5.RELEASE.jar;D:\Program Files\maven\repository\org\springframework\boot\spring-boot-starter-aop\2.2.5.RELEASE\spring-boot-starter-aop-2.2.5.RELEASE.jar;D:\Program Files\maven\repository\org\springframework\boot\spring-boot-starter\2.2.5.RELEASE\spring-boot-starter-2.2.5.RELEASE.jar;D:\Program Files\maven\repository\org\springframework\boot\spring-boot-starter-logging\2.2.5.RELEASE\spring-boot-starter-logging-2.2.5.RELEASE.jar;D:\Program Files\maven\repository\ch\qos\logback\logback-classic\1.2.3\logback-classic-1.2.3.jar;D:\Program Files\maven\repository\ch\qos\logback\logback-core\1.2.3\logback-core-1.2.3.jar;D:\Program Files\maven\repository\org\apache\logging\log4j\log4j-to-slf4j\2.12.1\log4j-to-slf4j-2.12.1.jar;D:\Program Files\maven\repository\org\apache\logging\log4j\log4j-api\2.12.1\log4j-api-2.12.1.jar;D:\Program Files\maven\repository\org\slf4j\jul-to-slf4j\1.7.30\jul-to-slf4j-1.7.30.jar;D:\Program Files\maven\repository\jakarta\annotation\jakarta.annotation-api\1.3.5\jakarta.annotation-api-1.3.5.jar;D:\Program Files\maven\repository\org\yaml\snakeyaml\1.25\snakeyaml-1.25.jar;D:\Program Files\maven\repository\org\springframework\spring-aop\5.2.4.RELEASE\spring-aop-5.2.4.RELEASE.jar;D:\Program Files\maven\repository\org\springframework\spring-beans\5.2.4.RELEASE\spring-beans-5.2.4.RELEASE.jar;D:\Program Files\maven\repository\org\aspectj\aspectjweaver\1.9.5\aspectjweaver-1.9.5.jar;E:\myDesign\r-pan\framework\storage-engine\storage-engine-local\target\classes;E:\myDesign\r-pan\framework\storage-engine\storage-engine-core\target\classes;D:\Program Files\maven\repository\org\springframework\boot\spring-boot-configuration-processor\2.2.5.RELEASE\spring-boot-configuration-processor-2.2.5.RELEASE.jar;"/>
    <property name="sun.cpu.endian" value="little"/>
    <property name="user.home" value="C:\Users\19750"/>
    <property name="user.language" value="zh"/>
    <property name="java.specification.vendor" value="Oracle Corporation"/>
    <property name="java.version.date" value="2023-01-17"/>
    <property name="java.home" value="C:\Program Files\Java\jdk-11.0.18"/>
    <property name="file.separator" value="\"/>
    <property name="basedir" value="E:\myDesign\r-pan\server"/>
    <property name="java.vm.compressedOopsMode" value="Zero based"/>
    <property name="line.separator" value="&#10;"/>
    <property name="java.specification.name" value="Java Platform API Specification"/>
    <property name="java.vm.specification.vendor" value="Oracle Corporation"/>
    <property name="java.awt.graphicsenv" value="sun.awt.Win32GraphicsEnvironment"/>
    <property name="surefire.real.class.path" value="C:\Users\19750\AppData\Local\Temp\surefire8666930866190877076\surefirebooter11912609238754789478.jar"/>
    <property name="user.script" value=""/>
    <property name="sun.management.compiler" value="HotSpot 64-Bit Tiered Compilers"/>
    <property name="java.runtime.version" value="11.0.18+9-LTS-195"/>
    <property name="user.name" value="19750"/>
    <property name="path.separator" value=";"/>
    <property name="os.version" value="10.0"/>
    <property name="java.runtime.name" value="Java(TM) SE Runtime Environment"/>
    <property name="file.encoding" value="GBK"/>
    <property name="java.vm.name" value="Java HotSpot(TM) 64-Bit Server VM"/>
    <property name="java.vendor.version" value="18.9"/>
    <property name="localRepository" value="D:\Program Files\maven\repository"/>
    <property name="java.vendor.url.bug" value="https://bugreport.java.com/bugreport/"/>
    <property name="java.io.tmpdir" value="C:\Users\19750\AppData\Local\Temp\"/>
    <property name="idea.version" value="2022.3.2"/>
    <property name="java.version" value="11.0.18"/>
    <property name="user.dir" value="E:\myDesign\r-pan\server"/>
    <property name="os.arch" value="amd64"/>
    <property name="java.vm.specification.name" value="Java Virtual Machine Specification"/>
    <property name="java.awt.printerjob" value="sun.awt.windows.WPrinterJob"/>
    <property name="sun.os.patch.level" value=""/>
    <property name="java.library.path" value="C:\Program Files\Java\jdk-11.0.18\bin;C:\WINDOWS\Sun\Java\bin;C:\WINDOWS\system32;C:\WINDOWS;D:\Program Files (x86)\VMware\VMware Workstation\bin\;C:\Program Files\Java\jdk-11.0.18\bin;C:\Program Files\Java\jdk-11.0.18\jre\bin;C:\WINDOWS\system32;C:\WINDOWS;C:\WINDOWS\System32\Wbem;C:\WINDOWS\System32\WindowsPowerShell\v1.0\;C:\WINDOWS\System32\OpenSSH\;C:\Program Files\Go\bin;D:\Program Files (x86)\NetSarang\Xshell 7\;C:\Program Files\Go\bin;C:\Users\19750\go\bin;C:\Program Files\protoc-3.14.0-win64\bin;C:\Program Files\MySQL\MySQL Server 8.0\bin;C:\Python27\Scripts\;C:\Python27;C:\Users\19750\AppData\Local\Programs\Python\Python39\Scripts\;C:\Users\19750\AppData\Local\Programs\Python\Python39\;C:\Users\19750\Downloads;C:\x86_64-5.4.0-release-win32-seh-rt_v5-rev0\bin;C:\Program Files\CMake\bin;D:\Program Files (x86)\NetSarang\Xftp 7\;C:\Program Files\nodejs\;D:\Program Files\maven\bin;C:\Program Files\Git\cmd;C:\Users\19750\.cargo\bin;C:\Users\19750\AppData\Local\Programs\Python\Python39\Scripts\;C:\Users\19750\AppData\Local\Programs\Python\Python39\;C:\Python27\Scripts\;C:\Users\19750\AppData\Local\Microsoft\WindowsApps;C:\Users\19750\go\bin;E:\Program Files\JetBrains\GoLand 2022.3.2\bin;;D:\Program Files\JetBrains\IntelliJ IDEA 2022.3.2\bin;;C:\Python27;D:\Program Files\Microsoft VS Code\bin;C:\Users\19750\AppData\Local\GitHubDesktop\bin;D:\Program Files\JetBrains\CLion 2022.3.3\bin;;D:\Program Files\JetBrains\WebStorm 2023.1\bin;;C:\Users\19750\AppData\Roaming\npm;D:\Program Files\cpolar\;."/>
    <property name="java.vendor" value="Oracle Corporation"/>
    <property name="java.vm.info" value="mixed mode"/>
    <property name="java.vm.version" value="11.0.18+9-LTS-195"/>
    <property name="sun.io.unicode.encoding" value="UnicodeLittle"/>
    <property name="java.class.version" value="55.0"/>
  </properties>
  <testcase name="createShareUrlSuccess" classname="com.rocket.pan.server.modules.share.ShareTest" time="0.093"/>
  <testcase name="queryShareFileListSuccess" classname="com.rocket.pan.server.modules.share.ShareTest" time="0.036"/>
  <testcase name="queryShareDetailSuccess" classname="com.rocket.pan.server.modules.share.ShareTest" time="0.024"/>
  <testcase name="queryShareUrlListSuccess" classname="com.rocket.pan.server.modules.share.ShareTest" time="0.021"/>
  <testcase name="checkShareCodeFail" classname="com.rocket.pan.server.modules.share.ShareTest" time="0.021"/>
  <testcase name="checkShareCodeSuccess" classname="com.rocket.pan.server.modules.share.ShareTest" time="0.077"/>
  <testcase name="queryShareSimpleDetailSuccess" classname="com.rocket.pan.server.modules.share.ShareTest" time="0.019"/>
  <testcase name="cancelShareSuccess" classname="com.rocket.pan.server.modules.share.ShareTest" time="0.025"/>
</testsuite>